Determining if the pthread_create exist failed with the following output:
Change Dir: /home/tom/EV3/ev3pae/build/CMakeFiles/CMakeTmp

Run Build Command:/usr/bin/make "cmTryCompileExec2518253186/fast"
/usr/bin/make -f CMakeFiles/cmTryCompileExec2518253186.dir/build.make CMakeFiles/cmTryCompileExec2518253186.dir/build
make[1]: Verzeichnis »/home/tom/EV3/ev3pae/build/CMakeFiles/CMakeTmp« wird betreten
/usr/bin/cmake -E cmake_progress_report /home/tom/EV3/ev3pae/build/CMakeFiles/CMakeTmp/CMakeFiles 1
Building C object CMakeFiles/cmTryCompileExec2518253186.dir/CheckSymbolExists.c.o
/usr/bin/cc    -o CMakeFiles/cmTryCompileExec2518253186.dir/CheckSymbolExists.c.o   -c /home/tom/EV3/ev3pae/build/CMakeFiles/CMakeTmp/CheckSymbolExists.c
Linking C executable cmTryCompileExec2518253186
/usr/bin/cmake -E cmake_link_script CMakeFiles/cmTryCompileExec2518253186.dir/link.txt --verbose=1
/usr/bin/cc       CMakeFiles/cmTryCompileExec2518253186.dir/CheckSymbolExists.c.o  -o cmTryCompileExec2518253186 -rdynamic 
CMakeFiles/cmTryCompileExec2518253186.dir/CheckSymbolExists.c.o: In Funktion `main':
CheckSymbolExists.c:(.text+0xa): Nicht definierter Verweis auf `pthread_create'
collect2: error: ld returned 1 exit status
make[1]: Verzeichnis »/home/tom/EV3/ev3pae/build/CMakeFiles/CMakeTmp« wird verlassen
make[1]: *** [cmTryCompileExec2518253186] Fehler 1
make: *** [cmTryCompileExec2518253186/fast] Fehler 2

File /home/tom/EV3/ev3pae/build/CMakeFiles/CMakeTmp/CheckSymbolExists.c:
/* */
#include <pthread.h>

int main(int argc, char** argv)
{
  (void)argv;
#ifndef pthread_create
  return ((int*)(&pthread_create))[argc];
#else
  (void)argc;
  return 0;
#endif
}

Determining if the function pthread_create exists in the pthreads failed with the following output:
Change Dir: /home/tom/EV3/ev3pae/build/CMakeFiles/CMakeTmp

Run Build Command:/usr/bin/make "cmTryCompileExec1082284426/fast"
/usr/bin/make -f CMakeFiles/cmTryCompileExec1082284426.dir/build.make CMakeFiles/cmTryCompileExec1082284426.dir/build
make[1]: Verzeichnis »/home/tom/EV3/ev3pae/build/CMakeFiles/CMakeTmp« wird betreten
/usr/bin/cmake -E cmake_progress_report /home/tom/EV3/ev3pae/build/CMakeFiles/CMakeTmp/CMakeFiles 1
Building C object CMakeFiles/cmTryCompileExec1082284426.dir/CheckFunctionExists.c.o
/usr/bin/cc   -DCHECK_FUNCTION_EXISTS=pthread_create   -o CMakeFiles/cmTryCompileExec1082284426.dir/CheckFunctionExists.c.o   -c /usr/share/cmake-2.8/Modules/CheckFunctionExists.c
Linking C executable cmTryCompileExec1082284426
/usr/bin/cmake -E cmake_link_script CMakeFiles/cmTryCompileExec1082284426.dir/link.txt --verbose=1
/usr/bin/cc   -DCHECK_FUNCTION_EXISTS=pthread_create    CMakeFiles/cmTryCompileExec1082284426.dir/CheckFunctionExists.c.o  -o cmTryCompileExec1082284426 -rdynamic -lpthreads 
/usr/bin/ld: cannot find -lpthreads
collect2: error: ld returned 1 exit status
make[1]: Verzeichnis »/home/tom/EV3/ev3pae/build/CMakeFiles/CMakeTmp« wird verlassen
make[1]: *** [cmTryCompileExec1082284426] Fehler 1
make: *** [cmTryCompileExec1082284426/fast] Fehler 2


